<?xml version="1.0" encoding="UTF-8"?>
<!-- Generated by org.testng.reporters.JUnitXMLReporter -->
<testsuite hostname="SIRI" ignored="0" name="CRM Test Cases" tests="12" failures="1" timestamp="17 Nov 2019 13:04:39 GMT" time="239.419" errors="0">
  <testcase name="verifyLableTest" time="10.121" classname="com.crm.qa.testcases.ContactsPageTest">
    <failure type="org.openqa.selenium.NoSuchElementException" message="no such element: Unable to locate element: {&amp;quot;method&amp;quot;:&amp;quot;xpath&amp;quot;,&amp;quot;selector&amp;quot;:&amp;quot;//div[contains(text(),&amp;apos;Contacts&amp;apos;)]&amp;quot;}
  (Session info: chrome=78.0.3904.97)
For documentation on this error, please visit: http://seleniumhq.org/exceptions/no_such_element.html
Build info: version: &amp;apos;3.5.3&amp;apos;, revision: &amp;apos;a88d25fe6b&amp;apos;, time: &amp;apos;2017-08-29T12:42:44.417Z&amp;apos;
System info: host: &amp;apos;SIRI&amp;apos;, ip: &amp;apos;192.168.29.134&amp;apos;, os.name: &amp;apos;Windows 10&amp;apos;, os.arch: &amp;apos;amd64&amp;apos;, os.version: &amp;apos;10.0&amp;apos;, java.version: &amp;apos;1.8.0_231&amp;apos;
Driver info: org.openqa.selenium.chrome.ChromeDriver
Capabilities [{networkConnectionEnabled=false, chrome={chromedriverVersion=78.0.3904.70 (edb9c9f3de0247fd912a77b7f6cae7447f6d3ad5-refs/branch-heads/3904@{#800}), userDataDir=C:\Users\SRINAY~1\AppData\Local\Temp\scoped_dir15096_1141286772}, timeouts={implicit=0, pageLoad=300000, script=30000}, pageLoadStrategy=normal, unhandledPromptBehavior=dismiss and notify, strictFileInteractability=false, platform=XP, proxy=Proxy(), goog:chromeOptions={debuggerAddress=localhost:55432}, acceptInsecureCerts=false, browserVersion=78.0.3904.97, browserName=chrome, javascriptEnabled=true, platformName=XP, setWindowRect=true}]
Session ID: e60a39e6cd66bcdedd7d456b3e225883
*** Element info: {Using=xpath, value=//div[contains(text(),&amp;apos;Contacts&amp;apos;)]}">
      <![CDATA[org.openqa.selenium.NoSuchElementException: no such element: Unable to locate element: {"method":"xpath","selector":"//div[contains(text(),'Contacts')]"}
  (Session info: chrome=78.0.3904.97)
For documentation on this error, please visit: http://seleniumhq.org/exceptions/no_such_element.html
Build info: version: '3.5.3', revision: 'a88d25fe6b', time: '2017-08-29T12:42:44.417Z'
System info: host: 'SIRI', ip: '192.168.29.134', os.name: 'Windows 10', os.arch: 'amd64', os.version: '10.0', java.version: '1.8.0_231'
Driver info: org.openqa.selenium.chrome.ChromeDriver
Capabilities [{networkConnectionEnabled=false, chrome={chromedriverVersion=78.0.3904.70 (edb9c9f3de0247fd912a77b7f6cae7447f6d3ad5-refs/branch-heads/3904@{#800}), userDataDir=C:\Users\SRINAY~1\AppData\Local\Temp\scoped_dir15096_1141286772}, timeouts={implicit=0, pageLoad=300000, script=30000}, pageLoadStrategy=normal, unhandledPromptBehavior=dismiss and notify, strictFileInteractability=false, platform=XP, proxy=Proxy(), goog:chromeOptions={debuggerAddress=localhost:55432}, acceptInsecureCerts=false, browserVersion=78.0.3904.97, browserName=chrome, javascriptEnabled=true, platformName=XP, setWindowRect=true}]
Session ID: e60a39e6cd66bcdedd7d456b3e225883
*** Element info: {Using=xpath, value=//div[contains(text(),'Contacts')]}
	at org.openqa.selenium.remote.http.W3CHttpResponseCodec.createException(W3CHttpResponseCodec.java:185)
	at org.openqa.selenium.remote.http.W3CHttpResponseCodec.decode(W3CHttpResponseCodec.java:120)
	at org.openqa.selenium.remote.http.W3CHttpResponseCodec.decode(W3CHttpResponseCodec.java:49)
	at org.openqa.selenium.remote.HttpCommandExecutor.execute(HttpCommandExecutor.java:164)
	at org.openqa.selenium.remote.service.DriverCommandExecutor.execute(DriverCommandExecutor.java:82)
	at org.openqa.selenium.remote.RemoteWebDriver.execute(RemoteWebDriver.java:646)
	at org.openqa.selenium.remote.RemoteWebDriver.findElement(RemoteWebDriver.java:416)
	at org.openqa.selenium.remote.RemoteWebDriver.findElementByXPath(RemoteWebDriver.java:518)
	at org.openqa.selenium.By$ByXPath.findElement(By.java:361)
	at org.openqa.selenium.remote.RemoteWebDriver.findElement(RemoteWebDriver.java:408)
	at com.crm.qa.pages.ContactsPage.verifyLable(ContactsPage.java:10)
	at com.crm.qa.testcases.ContactsPageTest.verifyLableTest(ContactsPageTest.java:36)
... Removed 29 stack frames]]>
    </failure>
  </testcase> <!-- verifyLableTest -->
  <testcase name="nameLableDisplayedTest" time="0.273" classname="com.crm.qa.testcases.HomePageTest"/>
  <testcase name="mainPageTitleTest" time="0.013" classname="com.crm.qa.testcases.MainPageTest"/>
  <testcase name="loginPageTitleTest" time="0.012" classname="com.crm.qa.testcases.LoginPageTest"/>
  <testcase name="selectContactTest" time="0.096" classname="com.crm.qa.testcases.ContactsPageTest"/>
  <testcase name="homePageTitleTest" time="0.013" classname="com.crm.qa.testcases.HomePageTest"/>
  <testcase name="loginTest" time="2.922" classname="com.crm.qa.testcases.MainPageTest"/>
  <testcase name="loginTest" time="0.448" classname="com.crm.qa.testcases.LoginPageTest"/>
  <testcase name="verifyContactsLinkTest" time="2.5" classname="com.crm.qa.testcases.HomePageTest"/>
  <testcase name="signupTest" time="2.088" classname="com.crm.qa.testcases.MainPageTest"/>
  <testcase name="verifyDealsLinkTest" time="2.923" classname="com.crm.qa.testcases.HomePageTest"/>
  <testcase name="verifyTasksLinkTest" time="2.505" classname="com.crm.qa.testcases.HomePageTest"/>
</testsuite> <!-- CRM Test Cases -->
